<?xml version="1.0" encoding="UTF-8"?>
<testsuite xmlns:xsi="http://www.w3.org/2001/XMLSchema-instance" xsi:noNamespaceSchemaLocation="https://maven.apache.org/surefire/maven-surefire-plugin/xsd/surefire-test-report.xsd" version="3.0.2" name="org.greencodeinitiative.creedengo.infra.checks.SetResourceRequestsAndLimitsCheckTest" time="0.1" tests="8" errors="4" skipped="0" failures="2" flakes="0">
  <properties>
[...]
</properties>
  <testcase name="missing_limits_fields" classname="org.greencodeinitiative.creedengo.infra.checks.SetResourceRequestsAndLimitsCheckTest" time="0.036">
    <error message="(16:15,17:0)" type="java.lang.IndexOutOfBoundsException"><![CDATA[java.lang.IndexOutOfBoundsException: (16:15,17:0)
	at org.sonarsource.analyzer.commons.checks.verifier.internal.UnderlinedRange.<init>(UnderlinedRange.java:67)
	at org.sonarsource.analyzer.commons.checks.verifier.internal.InternalIssueVerifier.addActualIssues(InternalIssueVerifier.java:122)
	at org.sonarsource.analyzer.commons.checks.verifier.internal.InternalIssueVerifier.buildReport(InternalIssueVerifier.java:99)
	at org.sonarsource.analyzer.commons.checks.verifier.internal.InternalIssueVerifier.assertIssues(InternalIssueVerifier.java:154)
	at org.sonarsource.analyzer.commons.checks.verifier.internal.InternalIssueVerifier.assertOneOrMoreIssues(InternalIssueVerifier.java:139)
	at org.sonar.iac.commons.testing.Verifier.verify(Verifier.java:133)
	at org.greencodeinitiative.creedengo.infra.checks.KubernetesVerifier.verify(KubernetesVerifier.java:93)
	at org.greencodeinitiative.creedengo.infra.checks.SetResourceRequestsAndLimitsCheckTest.missing_limits_fields(SetResourceRequestsAndLimitsCheckTest.java:65)
	at java.base/java.lang.reflect.Method.invoke(Method.java:569)
	at java.base/java.util.ArrayList.forEach(ArrayList.java:1511)
	at java.base/java.util.ArrayList.forEach(ArrayList.java:1511)
]]></error>
  </testcase>
  <testcase name="missing_limits_block" classname="org.greencodeinitiative.creedengo.infra.checks.SetResourceRequestsAndLimitsCheckTest" time="0.008">
    <error message="(12:13,15:0)" type="java.lang.IndexOutOfBoundsException"><![CDATA[java.lang.IndexOutOfBoundsException: (12:13,15:0)
	at org.sonarsource.analyzer.commons.checks.verifier.internal.UnderlinedRange.<init>(UnderlinedRange.java:67)
	at org.sonarsource.analyzer.commons.checks.verifier.internal.InternalIssueVerifier.addActualIssues(InternalIssueVerifier.java:122)
	at org.sonarsource.analyzer.commons.checks.verifier.internal.InternalIssueVerifier.buildReport(InternalIssueVerifier.java:99)
	at org.sonarsource.analyzer.commons.checks.verifier.internal.InternalIssueVerifier.assertIssues(InternalIssueVerifier.java:154)
	at org.sonarsource.analyzer.commons.checks.verifier.internal.InternalIssueVerifier.assertOneOrMoreIssues(InternalIssueVerifier.java:139)
	at org.sonar.iac.commons.testing.Verifier.verify(Verifier.java:133)
	at org.greencodeinitiative.creedengo.infra.checks.KubernetesVerifier.verify(KubernetesVerifier.java:93)
	at org.greencodeinitiative.creedengo.infra.checks.SetResourceRequestsAndLimitsCheckTest.missing_limits_block(SetResourceRequestsAndLimitsCheckTest.java:59)
	at java.base/java.lang.reflect.Method.invoke(Method.java:569)
	at java.base/java.util.ArrayList.forEach(ArrayList.java:1511)
	at java.base/java.util.ArrayList.forEach(ArrayList.java:1511)
]]></error>
  </testcase>
  <testcase name="missing_requests_block" classname="org.greencodeinitiative.creedengo.infra.checks.SetResourceRequestsAndLimitsCheckTest" time="0.008">
    <error message="(12:13,14:0)" type="java.lang.IndexOutOfBoundsException"><![CDATA[java.lang.IndexOutOfBoundsException: (12:13,14:0)
	at org.sonarsource.analyzer.commons.checks.verifier.internal.UnderlinedRange.<init>(UnderlinedRange.java:67)
	at org.sonarsource.analyzer.commons.checks.verifier.internal.InternalIssueVerifier.addActualIssues(InternalIssueVerifier.java:122)
	at org.sonarsource.analyzer.commons.checks.verifier.internal.InternalIssueVerifier.buildReport(InternalIssueVerifier.java:99)
	at org.sonarsource.analyzer.commons.checks.verifier.internal.InternalIssueVerifier.assertIssues(InternalIssueVerifier.java:154)
	at org.sonarsource.analyzer.commons.checks.verifier.internal.InternalIssueVerifier.assertOneOrMoreIssues(InternalIssueVerifier.java:139)
	at org.sonar.iac.commons.testing.Verifier.verify(Verifier.java:133)
	at org.greencodeinitiative.creedengo.infra.checks.KubernetesVerifier.verify(KubernetesVerifier.java:93)
	at org.greencodeinitiative.creedengo.infra.checks.SetResourceRequestsAndLimitsCheckTest.missing_requests_block(SetResourceRequestsAndLimitsCheckTest.java:47)
	at java.base/java.lang.reflect.Method.invoke(Method.java:569)
	at java.base/java.util.ArrayList.forEach(ArrayList.java:1511)
	at java.base/java.util.ArrayList.forEach(ArrayList.java:1511)
]]></error>
  </testcase>
  <testcase name="missing_requests_fields" classname="org.greencodeinitiative.creedengo.infra.checks.SetResourceRequestsAndLimitsCheckTest" time="0.014">
    <failure message="ERROR: Expect 0 quickfixes instead of 0. In file (tmp-parser-1618720469998219990:12)&#10;[----------------------------------------------------------------------]&#10;[ &apos;-&apos; means expected but not raised, &apos;+&apos; means raised but not expected ]&#10;  &lt;tmp-parser-1618720469998219990&gt;&#10;- 012: Noncompliant {{Set resources.requests.cpu to help the scheduler and avoid resource contention.}}&#10;- 012:             requests:&#10;+ 013: Noncompliant {{Set resources.requests.cpu to help the scheduler and avoid resource contention.}}&#10;+ 013:               memory: &quot;128Mi&quot;&#10;+ 013:               ^[el=+1;ec=12] 0&#10;[----------------------------------------------------------------------]&#10;;  expected:&lt;...8720469998219990&gt;&#10;01[2: Noncompliant {{Set resources.requests.cpu to help the scheduler and avoid resource contention.}}&#10;012:             requests:]&#10;&#10;&gt; but was:&lt;...8720469998219990&gt;&#10;01[3: Noncompliant {{Set resources.requests.cpu to help the scheduler and avoid resource contention.}}&#10;013:               memory: &quot;128Mi&quot;&#10;013:               ^[el=+1;ec=12] 0&#10;]&#10;&#10;&gt;" type="org.junit.ComparisonFailure"><![CDATA[org.junit.ComparisonFailure: 
ERROR: Expect 0 quickfixes instead of 0. In file (tmp-parser-1618720469998219990:12)
[----------------------------------------------------------------------]
[ '-' means expected but not raised, '+' means raised but not expected ]
  <tmp-parser-1618720469998219990>
- 012: Noncompliant {{Set resources.requests.cpu to help the scheduler and avoid resource contention.}}
- 012:             requests:
+ 013: Noncompliant {{Set resources.requests.cpu to help the scheduler and avoid resource contention.}}
+ 013:               memory: "128Mi"
+ 013:               ^[el=+1;ec=12] 0
[----------------------------------------------------------------------]
;  expected:<...8720469998219990>
01[2: Noncompliant {{Set resources.requests.cpu to help the scheduler and avoid resource contention.}}
012:             requests:]

> but was:<...8720469998219990>
01[3: Noncompliant {{Set resources.requests.cpu to help the scheduler and avoid resource contention.}}
013:               memory: "128Mi"
013:               ^[el=+1;ec=12] 0
]

>
	at org.junit.Assert.assertEquals(Assert.java:117)
	at org.sonarsource.analyzer.commons.checks.verifier.internal.InternalIssueVerifier.assertIssues(InternalIssueVerifier.java:176)
	at org.sonarsource.analyzer.commons.checks.verifier.internal.InternalIssueVerifier.assertOneOrMoreIssues(InternalIssueVerifier.java:139)
	at org.sonar.iac.commons.testing.Verifier.verify(Verifier.java:133)
	at org.greencodeinitiative.creedengo.infra.checks.KubernetesVerifier.verify(KubernetesVerifier.java:93)
	at org.greencodeinitiative.creedengo.infra.checks.SetResourceRequestsAndLimitsCheckTest.missing_requests_fields(SetResourceRequestsAndLimitsCheckTest.java:53)
	at java.base/java.lang.reflect.Method.invoke(Method.java:569)
	at java.base/java.util.ArrayList.forEach(ArrayList.java:1511)
	at java.base/java.util.ArrayList.forEach(ArrayList.java:1511)
]]></failure>
  </testcase>
  <testcase name="cronjob_compliant" classname="org.greencodeinitiative.creedengo.infra.checks.SetResourceRequestsAndLimitsCheckTest" time="0.006"/>
  <testcase name="deployment_compliant" classname="org.greencodeinitiative.creedengo.infra.checks.SetResourceRequestsAndLimitsCheckTest" time="0.005"/>
  <testcase name="no_resources_block" classname="org.greencodeinitiative.creedengo.infra.checks.SetResourceRequestsAndLimitsCheckTest" time="0.002">
    <error message="java.nio.file.NoSuchFileException: src/test/resources/checks/SetResourceRequestsAndLimitsCheck/noncompliant_no_resources.yaml" type="java.lang.RuntimeException"><![CDATA[java.lang.RuntimeException: java.nio.file.NoSuchFileException: src/test/resources/checks/SetResourceRequestsAndLimitsCheck/noncompliant_no_resources.yaml
	at org.greencodeinitiative.creedengo.infra.checks.KubernetesVerifier.containsHelmContent(KubernetesVerifier.java:179)
	at org.greencodeinitiative.creedengo.infra.checks.KubernetesVerifier.initializeVerification(KubernetesVerifier.java:162)
	at org.greencodeinitiative.creedengo.infra.checks.KubernetesVerifier.verify(KubernetesVerifier.java:90)
	at org.greencodeinitiative.creedengo.infra.checks.SetResourceRequestsAndLimitsCheckTest.no_resources_block(SetResourceRequestsAndLimitsCheckTest.java:41)
	at java.base/java.lang.reflect.Method.invoke(Method.java:569)
	at java.base/java.util.ArrayList.forEach(ArrayList.java:1511)
	at java.base/java.util.ArrayList.forEach(ArrayList.java:1511)
Caused by: java.nio.file.NoSuchFileException: src/test/resources/checks/SetResourceRequestsAndLimitsCheck/noncompliant_no_resources.yaml
	at java.base/sun.nio.fs.UnixException.translateToIOException(UnixException.java:92)
	at java.base/sun.nio.fs.UnixException.rethrowAsIOException(UnixException.java:106)
	at java.base/sun.nio.fs.UnixException.rethrowAsIOException(UnixException.java:111)
	at java.base/sun.nio.fs.UnixFileSystemProvider.newByteChannel(UnixFileSystemProvider.java:218)
	at java.base/java.nio.file.Files.newByteChannel(Files.java:380)
	at java.base/java.nio.file.Files.newByteChannel(Files.java:432)
	at java.base/java.nio.file.Files.readAllBytes(Files.java:3288)
	at java.base/java.nio.file.Files.readString(Files.java:3366)
	at java.base/java.nio.file.Files.readString(Files.java:3325)
	at org.greencodeinitiative.creedengo.infra.checks.KubernetesVerifier.containsHelmContent(KubernetesVerifier.java:176)
	... 6 more
]]></error>
  </testcase>
  <testcase name="cronjob_missing_limits_cpu" classname="org.greencodeinitiative.creedengo.infra.checks.SetResourceRequestsAndLimitsCheckTest" time="0.007">
    <failure message="ERROR: Expect some issues, but there&apos;s none. In file (tmp-parser-16996160201928079163:17)&#10;[----------------------------------------------------------------------]&#10;[ &apos;-&apos; means expected but not raised, &apos;+&apos; means raised but not expected ]&#10;  &lt;tmp-parser-16996160201928079163&gt;&#10;- 017: Noncompliant {{Set resources.limits.cpu for batch workloads (Job/CronJob) to prevent runaway loops monopolising the node.}}&#10;- 017:                 limits:&#10;[----------------------------------------------------------------------]&#10;;  expected:&lt;[&lt;tmp-parser-16996160201928079163&gt;&#10;017: Noncompliant {{Set resources.limits.cpu for batch workloads (Job/CronJob) to prevent runaway loops monopolising the node.}}&#10;017:                 limits:]&#10;&#10;&gt; but was:&lt;[ERROR: Expect some issues, but there&apos;s none.&#10;&lt;tmp-parser-16996160201928079163&gt;]&#10;&#10;&gt;" type="org.junit.ComparisonFailure"><![CDATA[org.junit.ComparisonFailure: 
ERROR: Expect some issues, but there's none. In file (tmp-parser-16996160201928079163:17)
[----------------------------------------------------------------------]
[ '-' means expected but not raised, '+' means raised but not expected ]
  <tmp-parser-16996160201928079163>
- 017: Noncompliant {{Set resources.limits.cpu for batch workloads (Job/CronJob) to prevent runaway loops monopolising the node.}}
- 017:                 limits:
[----------------------------------------------------------------------]
;  expected:<[<tmp-parser-16996160201928079163>
017: Noncompliant {{Set resources.limits.cpu for batch workloads (Job/CronJob) to prevent runaway loops monopolising the node.}}
017:                 limits:]

> but was:<[ERROR: Expect some issues, but there's none.
<tmp-parser-16996160201928079163>]

>
	at org.junit.Assert.assertEquals(Assert.java:117)
	at org.sonarsource.analyzer.commons.checks.verifier.internal.InternalIssueVerifier.assertIssues(InternalIssueVerifier.java:176)
	at org.sonarsource.analyzer.commons.checks.verifier.internal.InternalIssueVerifier.assertOneOrMoreIssues(InternalIssueVerifier.java:139)
	at org.sonar.iac.commons.testing.Verifier.verify(Verifier.java:133)
	at org.greencodeinitiative.creedengo.infra.checks.KubernetesVerifier.verify(KubernetesVerifier.java:93)
	at org.greencodeinitiative.creedengo.infra.checks.SetResourceRequestsAndLimitsCheckTest.cronjob_missing_limits_cpu(SetResourceRequestsAndLimitsCheckTest.java:71)
	at java.base/java.lang.reflect.Method.invoke(Method.java:569)
	at java.base/java.util.ArrayList.forEach(ArrayList.java:1511)
	at java.base/java.util.ArrayList.forEach(ArrayList.java:1511)
]]></failure>
  </testcase>
</testsuite>